2.1384 	WARNING 	We strongly recommend you activate the PTB sound engine in PsychoPy prefs as the preferred audio engine. Its timing is vastly superior. Your prefs are currently set to use ['sounddevice', 'PTB', 'pyo', 'pygame'] (in that order).
7.0323 	WARNING 	User requested fullscreen with size [1024  768], but screen is actually [1366, 768]. Using actual size
8.4466 	EXP 	Created window1 = Window(allowGUI=True, allowStencil=False, autoLog=True, backendConf=UNKNOWN, bitsMode=UNKNOWN, blendMode='avg', bpc=(8, 8, 8), color=array([0, 0, 0]), colorSpace='rgb', depthBits=8, fullscr=<method-wrapper '__getattribute__' of attributeSetter object at 0x0000019624CAE190>, gamma=None, gammaErrorPolicy='raise', lms=UNKNOWN, monitor=<psychopy.monitors.calibTools.Monitor object at 0x00000196270426A0>, multiSample=False, name='window1', numSamples=2, pos=(0, 0), screen=0, size=array([1366,  768]), stencilBits=0, stereo=False, units='height', useFBO=True, useRetina=False, viewOri=0.0, viewPos=None, viewScale=None, waitBlanking=True, winType='pyglet')
8.4467 	EXP 	window1: mouseVisible = True
8.4469 	EXP 	window1: mouseVisible = False
8.4469 	EXP 	window1: Attempting to measure frame rate of screen (0) ...
8.4470 	EXP 	window1: recordFrameIntervals = False
8.6125 	EXP 	window1: recordFrameIntervals = True
8.7954 	EXP 	Screen (0) actual frame rate measured at 60.18Hz
8.7955 	EXP 	window1: recordFrameIntervals = False
10.4479 	EXP 	Created Fixation = ShapeStim(__class__=<class 'psychopy.visual.shape.ShapeStim'>, anchor=('center', 'center'), autoDraw=False, autoLog=True, closeShape=True, color=method-wrapper(...), colorSpace='rgb', contrast=None, depth=0.0, fillColor=array([1, 1, 1]), fillColorSpace='rgb', fillRGB=array([1, 1, 1]), interpolate=True, lineColor=array([1, 1, 1]), lineColorSpace='rgb', lineRGB=array([1, 1, 1]), lineWidth=1.0, name='Fixation', opacity=1.0, ori=0.0, pos=array([0., 0.]), size=array([0.05, 0.05]), units='height', vertices=ndarray(...), win=Window(...), windingRule=None)
10.4577 	EXP 	Created text = TextStim(__class__=<class 'psychopy.visual.text.TextStim'>, alignHoriz=method-wrapper(...), alignText='center', alignVert=method-wrapper(...), anchorHoriz='center', anchorVert='center', antialias=True, autoDraw=False, autoLog=True, bold=False, color=array([1, 1, 1]), colorSpace='rgb', contrast=1.0, depth=-1.0, flipHoriz=False, flipVert=False, font='Open Sans', fontFiles=[], height=0.05, italic=False, languageStyle='LTR', name='text', opacity=1.0, ori=0.0, pos=array([0., 0.]), rgb=UNKNOWN, text='', units='height', win=Window(...), wrapWidth=1)
10.4628 	EXP 	Imported Condition DD.xlsx as conditions, 7 conditions, 3 params
10.4632 	EXP 	Created sequence: random, trialTypes=7, nReps=1, seed=None
10.4634 	EXP 	New trial (rep=0, index=0): {'reward_today': 78, 'future_reward': 80, 'delay': 162}
10.5221 	EXP 	text: height = 0.05000000000000001
10.5221 	EXP 	text: height = 0.05000000000000001
10.5221 	EXP 	text: height = 0.05000000000000001
10.5221 	EXP 	text: text = 'GBP 78 today or  GBP 80 atfter 162 days '
10.5221 	EXP 	Fixation: autoDraw = True
11.4594 	EXP 	text: autoDraw = True
11.5258 	EXP 	Fixation: autoDraw = False
13.9751 	EXP 	New trial (rep=0, index=1): {'reward_today': 15, 'future_reward': 35, 'delay': 13}
13.9850 	DATA 	Keypress: t
13.9900 	EXP 	Fixation: autoDraw = False
13.9900 	EXP 	text: autoDraw = False
13.9900 	EXP 	text: height = 0.05000000000000001
13.9900 	EXP 	text: height = 0.05000000000000001
13.9900 	EXP 	text: height = 0.05000000000000001
13.9900 	EXP 	text: text = 'GBP 15 today or  GBP 35 atfter 13 days '
13.9900 	EXP 	Fixation: autoDraw = True
14.9893 	EXP 	Fixation: autoDraw = False
14.9893 	EXP 	text: autoDraw = True
17.1220 	EXP 	New trial (rep=0, index=2): {'reward_today': 27, 'future_reward': 50, 'delay': 21}
17.1276 	DATA 	Keypress: l
17.1373 	EXP 	Fixation: autoDraw = False
17.1373 	EXP 	text: autoDraw = False
17.1373 	EXP 	text: height = 0.05000000000000001
17.1373 	EXP 	text: height = 0.05000000000000001
17.1373 	EXP 	text: height = 0.05000000000000001
17.1373 	EXP 	text: text = 'GBP 27 today or  GBP 50 atfter 21 days '
17.1373 	EXP 	Fixation: autoDraw = True
18.1362 	EXP 	text: autoDraw = True
18.1528 	EXP 	Fixation: autoDraw = False
20.9014 	EXP 	New trial (rep=0, index=3): {'reward_today': 49, 'future_reward': 60, 'delay': 89}
20.9098 	DATA 	Keypress: l
20.9166 	EXP 	Fixation: autoDraw = False
20.9166 	EXP 	text: autoDraw = False
20.9166 	EXP 	text: height = 0.05000000000000001
20.9166 	EXP 	text: height = 0.05000000000000001
20.9166 	EXP 	text: height = 0.05000000000000001
20.9166 	EXP 	text: text = 'GBP 49 today or  GBP 60 atfter 89 days '
20.9166 	EXP 	Fixation: autoDraw = True
21.9158 	EXP 	Fixation: autoDraw = False
21.9158 	EXP 	text: autoDraw = True
25.0317 	EXP 	New trial (rep=0, index=4): {'reward_today': 11, 'future_reward': 30, 'delay': 7}
25.0393 	DATA 	Keypress: t
25.0460 	EXP 	Fixation: autoDraw = False
25.0460 	EXP 	text: autoDraw = False
25.0460 	EXP 	text: height = 0.05000000000000001
25.0460 	EXP 	text: height = 0.05000000000000001
25.0460 	EXP 	text: height = 0.05000000000000001
25.0460 	EXP 	text: text = 'GBP 11 today or  GBP 30 atfter 7 days '
25.0460 	EXP 	Fixation: autoDraw = True
26.0450 	EXP 	Fixation: autoDraw = False
26.0450 	EXP 	text: autoDraw = True
28.8599 	EXP 	New trial (rep=0, index=5): {'reward_today': 40, 'future_reward': 55, 'delay': 62}
28.8643 	DATA 	Keypress: l
28.8756 	EXP 	Fixation: autoDraw = False
28.8756 	EXP 	text: autoDraw = False
28.8756 	EXP 	text: height = 0.05000000000000001
28.8756 	EXP 	text: height = 0.05000000000000001
28.8756 	EXP 	text: height = 0.05000000000000001
28.8756 	EXP 	text: text = 'GBP 40 today or  GBP 55 atfter 62 days '
28.8756 	EXP 	Fixation: autoDraw = True
29.8748 	EXP 	text: autoDraw = True
29.8918 	EXP 	Fixation: autoDraw = False
32.2075 	EXP 	New trial (rep=0, index=6): {'reward_today': 67, 'future_reward': 75, 'delay': 119}
32.2138 	DATA 	Keypress: t
32.2222 	EXP 	Fixation: autoDraw = False
32.2222 	EXP 	text: autoDraw = False
32.2222 	EXP 	text: height = 0.05000000000000001
32.2222 	EXP 	text: height = 0.05000000000000001
32.2222 	EXP 	text: height = 0.05000000000000001
32.2222 	EXP 	text: text = 'GBP 67 today or  GBP 75 atfter 119 days '
32.2222 	EXP 	Fixation: autoDraw = True
33.2215 	EXP 	text: autoDraw = True
33.2380 	EXP 	Fixation: autoDraw = False
34.7052 	DATA 	Keypress: t
34.7198 	EXP 	Fixation: autoDraw = False
34.7198 	EXP 	text: autoDraw = False
34.9019 	EXP 	window1: mouseVisible = True
